<html>
<head>
<title>TestNG:  FirefoxTest</title>
<link href="../testng.css" rel="stylesheet" type="text/css" />
<link href="../my-testng.css" rel="stylesheet" type="text/css" />

<style type="text/css">
.log { display: none;} 
.stack-trace { display: none;} 
</style>
<script type="text/javascript">
<!--
function flip(e) {
  current = e.style.display;
  if (current == 'block') {
    e.style.display = 'none';
    return 0;
  }
  else {
    e.style.display = 'block';
    return 1;
  }
}

function toggleBox(szDivId, elem, msg1, msg2)
{
  var res = -1;  if (document.getElementById) {
    res = flip(document.getElementById(szDivId));
  }
  else if (document.all) {
    // this is the way old msie versions work
    res = flip(document.all[szDivId]);
  }
  if(elem) {
    if(res == 0) elem.innerHTML = msg1; else elem.innerHTML = msg2;
  }

}

function toggleAllBoxes() {
  if (document.getElementsByTagName) {
    d = document.getElementsByTagName('div');
    for (i = 0; i < d.length; i++) {
      if (d[i].className == 'log') {
        flip(d[i]);
      }
    }
  }
}

// -->
</script>

</head>
<body>
<h2 align='center'>FirefoxTest</h2><table border='1' align="center">
<tr>
<td>Tests passed/Failed/Skipped:</td><td>0/0/11</td>
</tr><tr>
<td>Started on:</td><td>Fri Mar 01 01:39:10 IST 2024</td>
</tr>
<tr><td>Total time:</td><td>0 seconds (50 ms)</td>
</tr><tr>
<td>Included groups:</td><td></td>
</tr><tr>
<td>Excluded groups:</td><td></td>
</tr>
</table><p/>
<small><i>(Hover the method name to see the test class name)</i></small><p/>
<table width='100%' border='1' class='invocation-failed'>
<tr><td colspan='4' align='center'><b>FAILED CONFIGURATIONS</b></td></tr>
<tr><td><b>Test method</b></td>
<td><b>Attribute(s)</b></td>
<td width="30%"><b>Exception</b></td>
<td width="10%"><b>Time (seconds)</b></td>
<td><b>Instance</b></td>
</tr>
<tr>
<td title='stepDefination.AllNopCommerceSteps.launch_the_website_and_user_navigates_to_login_page()'><b>launch_the_website_and_user_navigates_to_login_page</b><br>Test class: stepDefination.AllNopCommerceSteps</td>
<td><div><pre>org.testng.TestNGException: 
Parameter &apos;browser&apos; is required by BeforeSuite on method launch_the_website_and_user_navigates_to_login_page but has not been marked @Optional or defined
in C:\Users\nnandane\Documents\Zoom\Edubridge\AutomationP\NehalFinal\testng11.xml
... Removed 16 stack frames</pre></div><a href='#' onClick='toggleBox("stack-trace2052223881", this, "Click to show all stack frames", "Click to hide stack frames")'>Click to show all stack frames</a>
<div class='stack-trace' id='stack-trace2052223881'><pre>org.testng.TestNGException: 
Parameter &apos;browser&apos; is required by BeforeSuite on method launch_the_website_and_user_navigates_to_login_page but has not been marked @Optional or defined
in C:\Users\nnandane\Documents\Zoom\Edubridge\AutomationP\NehalFinal\testng11.xml
	at org.testng.internal.Parameters.createParams(Parameters.java:267)
	at org.testng.internal.Parameters.createParametersForMethod(Parameters.java:355)
	at org.testng.internal.Parameters.createParameters(Parameters.java:693)
	at org.testng.internal.Parameters.createConfigurationParameters(Parameters.java:166)
	at org.testng.internal.invokers.ConfigInvoker.invokeConfigurations(ConfigInvoker.java:306)
	at org.testng.SuiteRunner.privateRun(SuiteRunner.java:382)
	at org.testng.SuiteRunner.run(SuiteRunner.java:336)
	at org.testng.SuiteRunnerWorker.runSuite(SuiteRunnerWorker.java:52)
	at org.testng.SuiteRunnerWorker.run(SuiteRunnerWorker.java:95)
	at org.testng.TestNG.runSuitesSequentially(TestNG.java:1301)
	at org.testng.TestNG.runSuitesLocally(TestNG.java:1228)
	at org.testng.TestNG.runSuites(TestNG.java:1134)
	at org.testng.TestNG.run(TestNG.java:1101)
	at org.testng.remote.AbstractRemoteTestNG.run(AbstractRemoteTestNG.java:115)
	at org.testng.remote.RemoteTestNG.initAndRun(RemoteTestNG.java:251)
	at org.testng.remote.RemoteTestNG.main(RemoteTestNG.java:77)
</pre></div></td>
<td>-1709237350</td>
<td>stepDefination.AllNopCommerceSteps@37b70343</td></tr>
</table><p>
<table width='100%' border='1' class='invocation-skipped'>
<tr><td colspan='4' align='center'><b>SKIPPED CONFIGURATIONS</b></td></tr>
<tr><td><b>Test method</b></td>
<td><b>Attribute(s)</b></td>
<td width="30%"><b>Exception</b></td>
<td width="10%"><b>Time (seconds)</b></td>
<td><b>Instance</b></td>
</tr>
<tr>
<td title='stepDefination.AllNopCommerceSteps.close_the_browser()'><b>close_the_browser</b><br>Test class: stepDefination.AllNopCommerceSteps</td>
<td></td>
<td>0</td>
<td>stepDefination.AllNopCommerceSteps@37b70343</td></tr>
<tr>
<td title='stepDefination.AllNopCommerceSteps.setUp()'><b>setUp</b><br>Test class: stepDefination.AllNopCommerceSteps</td>
<td></td>
<td>0</td>
<td>stepDefination.AllNopCommerceSteps@37b70343</td></tr>
</table><p>
<table width='100%' border='1' class='invocation-skipped'>
<tr><td colspan='4' align='center'><b>SKIPPED TESTS</b></td></tr>
<tr><td><b>Test method</b></td>
<td><b>Attribute(s)</b></td>
<td width="30%"><b>Exception</b></td>
<td width="10%"><b>Time (seconds)</b></td>
<td><b>Instance</b></td>
</tr>
<tr>
<td title='stepDefination.AllNopCommerceSteps.add_the_rewards_points_to_the_customer()'><b>add_the_rewards_points_to_the_customer</b><br>Test class: stepDefination.AllNopCommerceSteps</td>
<td><div><pre>org.testng.TestNGException: 
Parameter &apos;browser&apos; is required by BeforeSuite on method launch_the_website_and_user_navigates_to_login_page but has not been marked @Optional or defined
in C:\Users\nnandane\Documents\Zoom\Edubridge\AutomationP\NehalFinal\testng11.xml
... Removed 16 stack frames</pre></div><a href='#' onClick='toggleBox("stack-trace1101598632", this, "Click to show all stack frames", "Click to hide stack frames")'>Click to show all stack frames</a>
<div class='stack-trace' id='stack-trace1101598632'><pre>org.testng.TestNGException: 
Parameter &apos;browser&apos; is required by BeforeSuite on method launch_the_website_and_user_navigates_to_login_page but has not been marked @Optional or defined
in C:\Users\nnandane\Documents\Zoom\Edubridge\AutomationP\NehalFinal\testng11.xml
	at org.testng.internal.Parameters.createParams(Parameters.java:267)
	at org.testng.internal.Parameters.createParametersForMethod(Parameters.java:355)
	at org.testng.internal.Parameters.createParameters(Parameters.java:693)
	at org.testng.internal.Parameters.createConfigurationParameters(Parameters.java:166)
	at org.testng.internal.invokers.ConfigInvoker.invokeConfigurations(ConfigInvoker.java:306)
	at org.testng.SuiteRunner.privateRun(SuiteRunner.java:382)
	at org.testng.SuiteRunner.run(SuiteRunner.java:336)
	at org.testng.SuiteRunnerWorker.runSuite(SuiteRunnerWorker.java:52)
	at org.testng.SuiteRunnerWorker.run(SuiteRunnerWorker.java:95)
	at org.testng.TestNG.runSuitesSequentially(TestNG.java:1301)
	at org.testng.TestNG.runSuitesLocally(TestNG.java:1228)
	at org.testng.TestNG.runSuites(TestNG.java:1134)
	at org.testng.TestNG.run(TestNG.java:1101)
	at org.testng.remote.AbstractRemoteTestNG.run(AbstractRemoteTestNG.java:115)
	at org.testng.remote.RemoteTestNG.initAndRun(RemoteTestNG.java:251)
	at org.testng.remote.RemoteTestNG.main(RemoteTestNG.java:77)
</pre></div></td>
<td>0</td>
<td>stepDefination.AllNopCommerceSteps@37b70343</td></tr>
<tr>
<td title='stepDefination.AllNopCommerceSteps.read_the_orders_table()'><b>read_the_orders_table</b><br>Test class: stepDefination.AllNopCommerceSteps</td>
<td><div><pre>org.testng.TestNGException: 
Parameter &apos;browser&apos; is required by BeforeSuite on method launch_the_website_and_user_navigates_to_login_page but has not been marked @Optional or defined
in C:\Users\nnandane\Documents\Zoom\Edubridge\AutomationP\NehalFinal\testng11.xml
... Removed 16 stack frames</pre></div><a href='#' onClick='toggleBox("stack-trace99808631", this, "Click to show all stack frames", "Click to hide stack frames")'>Click to show all stack frames</a>
<div class='stack-trace' id='stack-trace99808631'><pre>org.testng.TestNGException: 
Parameter &apos;browser&apos; is required by BeforeSuite on method launch_the_website_and_user_navigates_to_login_page but has not been marked @Optional or defined
in C:\Users\nnandane\Documents\Zoom\Edubridge\AutomationP\NehalFinal\testng11.xml
	at org.testng.internal.Parameters.createParams(Parameters.java:267)
	at org.testng.internal.Parameters.createParametersForMethod(Parameters.java:355)
	at org.testng.internal.Parameters.createParameters(Parameters.java:693)
	at org.testng.internal.Parameters.createConfigurationParameters(Parameters.java:166)
	at org.testng.internal.invokers.ConfigInvoker.invokeConfigurations(ConfigInvoker.java:306)
	at org.testng.SuiteRunner.privateRun(SuiteRunner.java:382)
	at org.testng.SuiteRunner.run(SuiteRunner.java:336)
	at org.testng.SuiteRunnerWorker.runSuite(SuiteRunnerWorker.java:52)
	at org.testng.SuiteRunnerWorker.run(SuiteRunnerWorker.java:95)
	at org.testng.TestNG.runSuitesSequentially(TestNG.java:1301)
	at org.testng.TestNG.runSuitesLocally(TestNG.java:1228)
	at org.testng.TestNG.runSuites(TestNG.java:1134)
	at org.testng.TestNG.run(TestNG.java:1101)
	at org.testng.remote.AbstractRemoteTestNG.run(AbstractRemoteTestNG.java:115)
	at org.testng.remote.RemoteTestNG.initAndRun(RemoteTestNG.java:251)
	at org.testng.remote.RemoteTestNG.main(RemoteTestNG.java:77)
</pre></div></td>
<td>0</td>
<td>stepDefination.AllNopCommerceSteps@37b70343</td></tr>
<tr>
<td title='stepDefination.AllNopCommerceSteps.click_on_customers_from_dashboard()'><b>click_on_customers_from_dashboard</b><br>Test class: stepDefination.AllNopCommerceSteps</td>
<td><div><pre>org.testng.TestNGException: 
Parameter &apos;browser&apos; is required by BeforeSuite on method launch_the_website_and_user_navigates_to_login_page but has not been marked @Optional or defined
in C:\Users\nnandane\Documents\Zoom\Edubridge\AutomationP\NehalFinal\testng11.xml
... Removed 16 stack frames</pre></div><a href='#' onClick='toggleBox("stack-trace1651754404", this, "Click to show all stack frames", "Click to hide stack frames")'>Click to show all stack frames</a>
<div class='stack-trace' id='stack-trace1651754404'><pre>org.testng.TestNGException: 
Parameter &apos;browser&apos; is required by BeforeSuite on method launch_the_website_and_user_navigates_to_login_page but has not been marked @Optional or defined
in C:\Users\nnandane\Documents\Zoom\Edubridge\AutomationP\NehalFinal\testng11.xml
	at org.testng.internal.Parameters.createParams(Parameters.java:267)
	at org.testng.internal.Parameters.createParametersForMethod(Parameters.java:355)
	at org.testng.internal.Parameters.createParameters(Parameters.java:693)
	at org.testng.internal.Parameters.createConfigurationParameters(Parameters.java:166)
	at org.testng.internal.invokers.ConfigInvoker.invokeConfigurations(ConfigInvoker.java:306)
	at org.testng.SuiteRunner.privateRun(SuiteRunner.java:382)
	at org.testng.SuiteRunner.run(SuiteRunner.java:336)
	at org.testng.SuiteRunnerWorker.runSuite(SuiteRunnerWorker.java:52)
	at org.testng.SuiteRunnerWorker.run(SuiteRunnerWorker.java:95)
	at org.testng.TestNG.runSuitesSequentially(TestNG.java:1301)
	at org.testng.TestNG.runSuitesLocally(TestNG.java:1228)
	at org.testng.TestNG.runSuites(TestNG.java:1134)
	at org.testng.TestNG.run(TestNG.java:1101)
	at org.testng.remote.AbstractRemoteTestNG.run(AbstractRemoteTestNG.java:115)
	at org.testng.remote.RemoteTestNG.initAndRun(RemoteTestNG.java:251)
	at org.testng.remote.RemoteTestNG.main(RemoteTestNG.java:77)
</pre></div></td>
<td>0</td>
<td>stepDefination.AllNopCommerceSteps@37b70343</td></tr>
<tr>
<td title='stepDefination.AllNopCommerceSteps.read_a_table_with_added_rewards_points()'><b>read_a_table_with_added_rewards_points</b><br>Test class: stepDefination.AllNopCommerceSteps</td>
<td><div><pre>org.testng.TestNGException: 
Parameter &apos;browser&apos; is required by BeforeSuite on method launch_the_website_and_user_navigates_to_login_page but has not been marked @Optional or defined
in C:\Users\nnandane\Documents\Zoom\Edubridge\AutomationP\NehalFinal\testng11.xml
... Removed 16 stack frames</pre></div><a href='#' onClick='toggleBox("stack-trace1032568028", this, "Click to show all stack frames", "Click to hide stack frames")'>Click to show all stack frames</a>
<div class='stack-trace' id='stack-trace1032568028'><pre>org.testng.TestNGException: 
Parameter &apos;browser&apos; is required by BeforeSuite on method launch_the_website_and_user_navigates_to_login_page but has not been marked @Optional or defined
in C:\Users\nnandane\Documents\Zoom\Edubridge\AutomationP\NehalFinal\testng11.xml
	at org.testng.internal.Parameters.createParams(Parameters.java:267)
	at org.testng.internal.Parameters.createParametersForMethod(Parameters.java:355)
	at org.testng.internal.Parameters.createParameters(Parameters.java:693)
	at org.testng.internal.Parameters.createConfigurationParameters(Parameters.java:166)
	at org.testng.internal.invokers.ConfigInvoker.invokeConfigurations(ConfigInvoker.java:306)
	at org.testng.SuiteRunner.privateRun(SuiteRunner.java:382)
	at org.testng.SuiteRunner.run(SuiteRunner.java:336)
	at org.testng.SuiteRunnerWorker.runSuite(SuiteRunnerWorker.java:52)
	at org.testng.SuiteRunnerWorker.run(SuiteRunnerWorker.java:95)
	at org.testng.TestNG.runSuitesSequentially(TestNG.java:1301)
	at org.testng.TestNG.runSuitesLocally(TestNG.java:1228)
	at org.testng.TestNG.runSuites(TestNG.java:1134)
	at org.testng.TestNG.run(TestNG.java:1101)
	at org.testng.remote.AbstractRemoteTestNG.run(AbstractRemoteTestNG.java:115)
	at org.testng.remote.RemoteTestNG.initAndRun(RemoteTestNG.java:251)
	at org.testng.remote.RemoteTestNG.main(RemoteTestNG.java:77)
</pre></div></td>
<td>0</td>
<td>stepDefination.AllNopCommerceSteps@37b70343</td></tr>
<tr>
<td title='stepDefination.AllNopCommerceSteps.user_is_navigated_to_the_dashboard_page()'><b>user_is_navigated_to_the_dashboard_page</b><br>Test class: stepDefination.AllNopCommerceSteps</td>
<td><div><pre>org.testng.TestNGException: 
Parameter &apos;browser&apos; is required by BeforeSuite on method launch_the_website_and_user_navigates_to_login_page but has not been marked @Optional or defined
in C:\Users\nnandane\Documents\Zoom\Edubridge\AutomationP\NehalFinal\testng11.xml
... Removed 16 stack frames</pre></div><a href='#' onClick='toggleBox("stack-trace2064883371", this, "Click to show all stack frames", "Click to hide stack frames")'>Click to show all stack frames</a>
<div class='stack-trace' id='stack-trace2064883371'><pre>org.testng.TestNGException: 
Parameter &apos;browser&apos; is required by BeforeSuite on method launch_the_website_and_user_navigates_to_login_page but has not been marked @Optional or defined
in C:\Users\nnandane\Documents\Zoom\Edubridge\AutomationP\NehalFinal\testng11.xml
	at org.testng.internal.Parameters.createParams(Parameters.java:267)
	at org.testng.internal.Parameters.createParametersForMethod(Parameters.java:355)
	at org.testng.internal.Parameters.createParameters(Parameters.java:693)
	at org.testng.internal.Parameters.createConfigurationParameters(Parameters.java:166)
	at org.testng.internal.invokers.ConfigInvoker.invokeConfigurations(ConfigInvoker.java:306)
	at org.testng.SuiteRunner.privateRun(SuiteRunner.java:382)
	at org.testng.SuiteRunner.run(SuiteRunner.java:336)
	at org.testng.SuiteRunnerWorker.runSuite(SuiteRunnerWorker.java:52)
	at org.testng.SuiteRunnerWorker.run(SuiteRunnerWorker.java:95)
	at org.testng.TestNG.runSuitesSequentially(TestNG.java:1301)
	at org.testng.TestNG.runSuitesLocally(TestNG.java:1228)
	at org.testng.TestNG.runSuites(TestNG.java:1134)
	at org.testng.TestNG.run(TestNG.java:1101)
	at org.testng.remote.AbstractRemoteTestNG.run(AbstractRemoteTestNG.java:115)
	at org.testng.remote.RemoteTestNG.initAndRun(RemoteTestNG.java:251)
	at org.testng.remote.RemoteTestNG.main(RemoteTestNG.java:77)
</pre></div></td>
<td>0</td>
<td>stepDefination.AllNopCommerceSteps@37b70343</td></tr>
<tr>
<td title='stepDefination.AllNopCommerceSteps.save_the_credentials_and_clicks_on_login_button()'><b>save_the_credentials_and_clicks_on_login_button</b><br>Test class: stepDefination.AllNopCommerceSteps</td>
<td><div><pre>org.testng.TestNGException: 
Parameter &apos;browser&apos; is required by BeforeSuite on method launch_the_website_and_user_navigates_to_login_page but has not been marked @Optional or defined
in C:\Users\nnandane\Documents\Zoom\Edubridge\AutomationP\NehalFinal\testng11.xml
... Removed 16 stack frames</pre></div><a href='#' onClick='toggleBox("stack-trace820677667", this, "Click to show all stack frames", "Click to hide stack frames")'>Click to show all stack frames</a>
<div class='stack-trace' id='stack-trace820677667'><pre>org.testng.TestNGException: 
Parameter &apos;browser&apos; is required by BeforeSuite on method launch_the_website_and_user_navigates_to_login_page but has not been marked @Optional or defined
in C:\Users\nnandane\Documents\Zoom\Edubridge\AutomationP\NehalFinal\testng11.xml
	at org.testng.internal.Parameters.createParams(Parameters.java:267)
	at org.testng.internal.Parameters.createParametersForMethod(Parameters.java:355)
	at org.testng.internal.Parameters.createParameters(Parameters.java:693)
	at org.testng.internal.Parameters.createConfigurationParameters(Parameters.java:166)
	at org.testng.internal.invokers.ConfigInvoker.invokeConfigurations(ConfigInvoker.java:306)
	at org.testng.SuiteRunner.privateRun(SuiteRunner.java:382)
	at org.testng.SuiteRunner.run(SuiteRunner.java:336)
	at org.testng.SuiteRunnerWorker.runSuite(SuiteRunnerWorker.java:52)
	at org.testng.SuiteRunnerWorker.run(SuiteRunnerWorker.java:95)
	at org.testng.TestNG.runSuitesSequentially(TestNG.java:1301)
	at org.testng.TestNG.runSuitesLocally(TestNG.java:1228)
	at org.testng.TestNG.runSuites(TestNG.java:1134)
	at org.testng.TestNG.run(TestNG.java:1101)
	at org.testng.remote.AbstractRemoteTestNG.run(AbstractRemoteTestNG.java:115)
	at org.testng.remote.RemoteTestNG.initAndRun(RemoteTestNG.java:251)
	at org.testng.remote.RemoteTestNG.main(RemoteTestNG.java:77)
</pre></div></td>
<td>0</td>
<td>stepDefination.AllNopCommerceSteps@37b70343</td></tr>
<tr>
<td title='stepDefination.AllNopCommerceSteps.click_on_sales()'><b>click_on_sales</b><br>Test class: stepDefination.AllNopCommerceSteps</td>
<td><div><pre>org.testng.TestNGException: 
Parameter &apos;browser&apos; is required by BeforeSuite on method launch_the_website_and_user_navigates_to_login_page but has not been marked @Optional or defined
in C:\Users\nnandane\Documents\Zoom\Edubridge\AutomationP\NehalFinal\testng11.xml
... Removed 16 stack frames</pre></div><a href='#' onClick='toggleBox("stack-trace82275756", this, "Click to show all stack frames", "Click to hide stack frames")'>Click to show all stack frames</a>
<div class='stack-trace' id='stack-trace82275756'><pre>org.testng.TestNGException: 
Parameter &apos;browser&apos; is required by BeforeSuite on method launch_the_website_and_user_navigates_to_login_page but has not been marked @Optional or defined
in C:\Users\nnandane\Documents\Zoom\Edubridge\AutomationP\NehalFinal\testng11.xml
	at org.testng.internal.Parameters.createParams(Parameters.java:267)
	at org.testng.internal.Parameters.createParametersForMethod(Parameters.java:355)
	at org.testng.internal.Parameters.createParameters(Parameters.java:693)
	at org.testng.internal.Parameters.createConfigurationParameters(Parameters.java:166)
	at org.testng.internal.invokers.ConfigInvoker.invokeConfigurations(ConfigInvoker.java:306)
	at org.testng.SuiteRunner.privateRun(SuiteRunner.java:382)
	at org.testng.SuiteRunner.run(SuiteRunner.java:336)
	at org.testng.SuiteRunnerWorker.runSuite(SuiteRunnerWorker.java:52)
	at org.testng.SuiteRunnerWorker.run(SuiteRunnerWorker.java:95)
	at org.testng.TestNG.runSuitesSequentially(TestNG.java:1301)
	at org.testng.TestNG.runSuitesLocally(TestNG.java:1228)
	at org.testng.TestNG.runSuites(TestNG.java:1134)
	at org.testng.TestNG.run(TestNG.java:1101)
	at org.testng.remote.AbstractRemoteTestNG.run(AbstractRemoteTestNG.java:115)
	at org.testng.remote.RemoteTestNG.initAndRun(RemoteTestNG.java:251)
	at org.testng.remote.RemoteTestNG.main(RemoteTestNG.java:77)
</pre></div></td>
<td>0</td>
<td>stepDefination.AllNopCommerceSteps@37b70343</td></tr>
<tr>
<td title='stepDefination.AllNopCommerceSteps.click_on_add_rewards_point()'><b>click_on_add_rewards_point</b><br>Test class: stepDefination.AllNopCommerceSteps</td>
<td><div><pre>org.testng.TestNGException: 
Parameter &apos;browser&apos; is required by BeforeSuite on method launch_the_website_and_user_navigates_to_login_page but has not been marked @Optional or defined
in C:\Users\nnandane\Documents\Zoom\Edubridge\AutomationP\NehalFinal\testng11.xml
... Removed 16 stack frames</pre></div><a href='#' onClick='toggleBox("stack-trace1407324654", this, "Click to show all stack frames", "Click to hide stack frames")'>Click to show all stack frames</a>
<div class='stack-trace' id='stack-trace1407324654'><pre>org.testng.TestNGException: 
Parameter &apos;browser&apos; is required by BeforeSuite on method launch_the_website_and_user_navigates_to_login_page but has not been marked @Optional or defined
in C:\Users\nnandane\Documents\Zoom\Edubridge\AutomationP\NehalFinal\testng11.xml
	at org.testng.internal.Parameters.createParams(Parameters.java:267)
	at org.testng.internal.Parameters.createParametersForMethod(Parameters.java:355)
	at org.testng.internal.Parameters.createParameters(Parameters.java:693)
	at org.testng.internal.Parameters.createConfigurationParameters(Parameters.java:166)
	at org.testng.internal.invokers.ConfigInvoker.invokeConfigurations(ConfigInvoker.java:306)
	at org.testng.SuiteRunner.privateRun(SuiteRunner.java:382)
	at org.testng.SuiteRunner.run(SuiteRunner.java:336)
	at org.testng.SuiteRunnerWorker.runSuite(SuiteRunnerWorker.java:52)
	at org.testng.SuiteRunnerWorker.run(SuiteRunnerWorker.java:95)
	at org.testng.TestNG.runSuitesSequentially(TestNG.java:1301)
	at org.testng.TestNG.runSuitesLocally(TestNG.java:1228)
	at org.testng.TestNG.runSuites(TestNG.java:1134)
	at org.testng.TestNG.run(TestNG.java:1101)
	at org.testng.remote.AbstractRemoteTestNG.run(AbstractRemoteTestNG.java:115)
	at org.testng.remote.RemoteTestNG.initAndRun(RemoteTestNG.java:251)
	at org.testng.remote.RemoteTestNG.main(RemoteTestNG.java:77)
</pre></div></td>
<td>0</td>
<td>stepDefination.AllNopCommerceSteps@37b70343</td></tr>
<tr>
<td title='stepDefination.AllNopCommerceSteps.click_on_edit_buttom_to_change_the_password_for_the_customer()'><b>click_on_edit_buttom_to_change_the_password_for_the_customer</b><br>Test class: stepDefination.AllNopCommerceSteps</td>
<td><div><pre>org.testng.TestNGException: 
Parameter &apos;browser&apos; is required by BeforeSuite on method launch_the_website_and_user_navigates_to_login_page but has not been marked @Optional or defined
in C:\Users\nnandane\Documents\Zoom\Edubridge\AutomationP\NehalFinal\testng11.xml
... Removed 16 stack frames</pre></div><a href='#' onClick='toggleBox("stack-trace1564892747", this, "Click to show all stack frames", "Click to hide stack frames")'>Click to show all stack frames</a>
<div class='stack-trace' id='stack-trace1564892747'><pre>org.testng.TestNGException: 
Parameter &apos;browser&apos; is required by BeforeSuite on method launch_the_website_and_user_navigates_to_login_page but has not been marked @Optional or defined
in C:\Users\nnandane\Documents\Zoom\Edubridge\AutomationP\NehalFinal\testng11.xml
	at org.testng.internal.Parameters.createParams(Parameters.java:267)
	at org.testng.internal.Parameters.createParametersForMethod(Parameters.java:355)
	at org.testng.internal.Parameters.createParameters(Parameters.java:693)
	at org.testng.internal.Parameters.createConfigurationParameters(Parameters.java:166)
	at org.testng.internal.invokers.ConfigInvoker.invokeConfigurations(ConfigInvoker.java:306)
	at org.testng.SuiteRunner.privateRun(SuiteRunner.java:382)
	at org.testng.SuiteRunner.run(SuiteRunner.java:336)
	at org.testng.SuiteRunnerWorker.runSuite(SuiteRunnerWorker.java:52)
	at org.testng.SuiteRunnerWorker.run(SuiteRunnerWorker.java:95)
	at org.testng.TestNG.runSuitesSequentially(TestNG.java:1301)
	at org.testng.TestNG.runSuitesLocally(TestNG.java:1228)
	at org.testng.TestNG.runSuites(TestNG.java:1134)
	at org.testng.TestNG.run(TestNG.java:1101)
	at org.testng.remote.AbstractRemoteTestNG.run(AbstractRemoteTestNG.java:115)
	at org.testng.remote.RemoteTestNG.initAndRun(RemoteTestNG.java:251)
	at org.testng.remote.RemoteTestNG.main(RemoteTestNG.java:77)
</pre></div></td>
<td>0</td>
<td>stepDefination.AllNopCommerceSteps@37b70343</td></tr>
<tr>
<td title='stepDefination.AllNopCommerceSteps.user_enters_valid_username_and_password()'><b>user_enters_valid_username_and_password</b><br>Test class: stepDefination.AllNopCommerceSteps</td>
<td><div><pre>org.testng.TestNGException: 
Parameter &apos;browser&apos; is required by BeforeSuite on method launch_the_website_and_user_navigates_to_login_page but has not been marked @Optional or defined
in C:\Users\nnandane\Documents\Zoom\Edubridge\AutomationP\NehalFinal\testng11.xml
... Removed 16 stack frames</pre></div><a href='#' onClick='toggleBox("stack-trace754527431", this, "Click to show all stack frames", "Click to hide stack frames")'>Click to show all stack frames</a>
<div class='stack-trace' id='stack-trace754527431'><pre>org.testng.TestNGException: 
Parameter &apos;browser&apos; is required by BeforeSuite on method launch_the_website_and_user_navigates_to_login_page but has not been marked @Optional or defined
in C:\Users\nnandane\Documents\Zoom\Edubridge\AutomationP\NehalFinal\testng11.xml
	at org.testng.internal.Parameters.createParams(Parameters.java:267)
	at org.testng.internal.Parameters.createParametersForMethod(Parameters.java:355)
	at org.testng.internal.Parameters.createParameters(Parameters.java:693)
	at org.testng.internal.Parameters.createConfigurationParameters(Parameters.java:166)
	at org.testng.internal.invokers.ConfigInvoker.invokeConfigurations(ConfigInvoker.java:306)
	at org.testng.SuiteRunner.privateRun(SuiteRunner.java:382)
	at org.testng.SuiteRunner.run(SuiteRunner.java:336)
	at org.testng.SuiteRunnerWorker.runSuite(SuiteRunnerWorker.java:52)
	at org.testng.SuiteRunnerWorker.run(SuiteRunnerWorker.java:95)
	at org.testng.TestNG.runSuitesSequentially(TestNG.java:1301)
	at org.testng.TestNG.runSuitesLocally(TestNG.java:1228)
	at org.testng.TestNG.runSuites(TestNG.java:1134)
	at org.testng.TestNG.run(TestNG.java:1101)
	at org.testng.remote.AbstractRemoteTestNG.run(AbstractRemoteTestNG.java:115)
	at org.testng.remote.RemoteTestNG.initAndRun(RemoteTestNG.java:251)
	at org.testng.remote.RemoteTestNG.main(RemoteTestNG.java:77)
</pre></div></td>
<td>0</td>
<td>stepDefination.AllNopCommerceSteps@37b70343</td></tr>
<tr>
<td title='stepDefination.AllNopCommerceSteps.click_on_ordes()'><b>click_on_ordes</b><br>Test class: stepDefination.AllNopCommerceSteps</td>
<td><div><pre>org.testng.TestNGException: 
Parameter &apos;browser&apos; is required by BeforeSuite on method launch_the_website_and_user_navigates_to_login_page but has not been marked @Optional or defined
in C:\Users\nnandane\Documents\Zoom\Edubridge\AutomationP\NehalFinal\testng11.xml
... Removed 16 stack frames</pre></div><a href='#' onClick='toggleBox("stack-trace1629353699", this, "Click to show all stack frames", "Click to hide stack frames")'>Click to show all stack frames</a>
<div class='stack-trace' id='stack-trace1629353699'><pre>org.testng.TestNGException: 
Parameter &apos;browser&apos; is required by BeforeSuite on method launch_the_website_and_user_navigates_to_login_page but has not been marked @Optional or defined
in C:\Users\nnandane\Documents\Zoom\Edubridge\AutomationP\NehalFinal\testng11.xml
	at org.testng.internal.Parameters.createParams(Parameters.java:267)
	at org.testng.internal.Parameters.createParametersForMethod(Parameters.java:355)
	at org.testng.internal.Parameters.createParameters(Parameters.java:693)
	at org.testng.internal.Parameters.createConfigurationParameters(Parameters.java:166)
	at org.testng.internal.invokers.ConfigInvoker.invokeConfigurations(ConfigInvoker.java:306)
	at org.testng.SuiteRunner.privateRun(SuiteRunner.java:382)
	at org.testng.SuiteRunner.run(SuiteRunner.java:336)
	at org.testng.SuiteRunnerWorker.runSuite(SuiteRunnerWorker.java:52)
	at org.testng.SuiteRunnerWorker.run(SuiteRunnerWorker.java:95)
	at org.testng.TestNG.runSuitesSequentially(TestNG.java:1301)
	at org.testng.TestNG.runSuitesLocally(TestNG.java:1228)
	at org.testng.TestNG.runSuites(TestNG.java:1134)
	at org.testng.TestNG.run(TestNG.java:1101)
	at org.testng.remote.AbstractRemoteTestNG.run(AbstractRemoteTestNG.java:115)
	at org.testng.remote.RemoteTestNG.initAndRun(RemoteTestNG.java:251)
	at org.testng.remote.RemoteTestNG.main(RemoteTestNG.java:77)
</pre></div></td>
<td>0</td>
<td>stepDefination.AllNopCommerceSteps@37b70343</td></tr>
</table><p>
</body>
</html>